[2025-11-03T08:50:24.385+0000] {local_task_job_runner.py:120} INFO - ::group::Pre task execution logs
[2025-11-03T08:50:24.406+0000] {taskinstance.py:2076} INFO - Dependencies all met for dep_context=non-requeueable deps ti=<TaskInstance: transactions_pipeline.upload_raw_to_s3 scheduled__2025-11-01T23:00:00+00:00 [queued]>
[2025-11-03T08:50:24.416+0000] {taskinstance.py:2076} INFO - Dependencies all met for dep_context=requeueable deps ti=<TaskInstance: transactions_pipeline.upload_raw_to_s3 scheduled__2025-11-01T23:00:00+00:00 [queued]>
[2025-11-03T08:50:24.418+0000] {taskinstance.py:2306} INFO - Starting attempt 1 of 2
[2025-11-03T08:50:24.432+0000] {taskinstance.py:2330} INFO - Executing <Task(PythonOperator): upload_raw_to_s3> on 2025-11-01 23:00:00+00:00
[2025-11-03T08:50:24.441+0000] {standard_task_runner.py:90} INFO - Running: ['***', 'tasks', 'run', 'transactions_pipeline', 'upload_raw_to_s3', 'scheduled__2025-11-01T23:00:00+00:00', '--job-id', '3', '--raw', '--subdir', 'DAGS_FOLDER/***_dag_transactions.py', '--cfg-path', '/tmp/tmpkwulfn8h']
[2025-11-03T08:50:24.444+0000] {standard_task_runner.py:91} INFO - Job 3: Subtask upload_raw_to_s3
[2025-11-03T08:50:24.445+0000] {logging_mixin.py:188} WARNING - /home/***/.local/lib/python3.12/site-packages/***/task/task_runner/standard_task_runner.py:62 DeprecationWarning: This process (pid=279) is multi-threaded, use of fork() may lead to deadlocks in the child.
[2025-11-03T08:50:24.445+0000] {standard_task_runner.py:64} INFO - Started process 282 to run task
[2025-11-03T08:50:24.505+0000] {task_command.py:426} INFO - Running <TaskInstance: transactions_pipeline.upload_raw_to_s3 scheduled__2025-11-01T23:00:00+00:00 [running]> on host eb253588dee4
[2025-11-03T08:50:24.605+0000] {taskinstance.py:2648} INFO - Exporting env vars: AIRFLOW_CTX_DAG_OWNER='hapssatou' AIRFLOW_CTX_DAG_ID='transactions_pipeline' AIRFLOW_CTX_TASK_ID='upload_raw_to_s3' AIRFLOW_CTX_EXECUTION_DATE='2025-11-01T23:00:00+00:00' AIRFLOW_CTX_TRY_NUMBER='1' AIRFLOW_CTX_DAG_RUN_ID='scheduled__2025-11-01T23:00:00+00:00'
[2025-11-03T08:50:24.606+0000] {taskinstance.py:430} INFO - ::endgroup::
[2025-11-03T08:50:24.632+0000] {taskinstance.py:441} INFO - ::group::Post task execution logs
[2025-11-03T08:50:24.633+0000] {taskinstance.py:2905} ERROR - Task failed with exception
Traceback (most recent call last):
  File "/home/airflow/.local/lib/python3.12/site-packages/airflow/models/taskinstance.py", line 465, in _execute_task
    result = _execute_callable(context=context, **execute_callable_kwargs)
             ^^^^^^^^^^^^^^^^^^^^^^^^^^^^^^^^^^^^^^^^^^^^^^^^^^^^^^^^^^^^^
  File "/home/airflow/.local/lib/python3.12/site-packages/airflow/models/taskinstance.py", line 432, in _execute_callable
    return execute_callable(context=context, **execute_callable_kwargs)
           ^^^^^^^^^^^^^^^^^^^^^^^^^^^^^^^^^^^^^^^^^^^^^^^^^^^^^^^^^^^^
  File "/home/airflow/.local/lib/python3.12/site-packages/airflow/models/baseoperator.py", line 401, in wrapper
    return func(self, *args, **kwargs)
           ^^^^^^^^^^^^^^^^^^^^^^^^^^^
  File "/home/airflow/.local/lib/python3.12/site-packages/airflow/operators/python.py", line 235, in execute
    return_value = self.execute_callable()
                   ^^^^^^^^^^^^^^^^^^^^^^^
  File "/home/airflow/.local/lib/python3.12/site-packages/airflow/operators/python.py", line 252, in execute_callable
    return self.python_callable(*self.op_args, **self.op_kwargs)
           ^^^^^^^^^^^^^^^^^^^^^^^^^^^^^^^^^^^^^^^^^^^^^^^^^^^^^
  File "/opt/airflow/dags/airflow_dag_transactions.py", line 13, in upload_raw_to_s3
    ds = execution_date.strftime("%Y/%m/%d")
         ^^^^^^^^^^^^^^^^^^^^^^^
AttributeError: 'str' object has no attribute 'strftime'
[2025-11-03T08:50:24.649+0000] {taskinstance.py:1206} INFO - Marking task as UP_FOR_RETRY. dag_id=transactions_pipeline, task_id=upload_raw_to_s3, run_id=scheduled__2025-11-01T23:00:00+00:00, execution_date=20251101T230000, start_date=20251103T085024, end_date=20251103T085024
[2025-11-03T08:50:24.660+0000] {standard_task_runner.py:110} ERROR - Failed to execute job 3 for task upload_raw_to_s3 ('str' object has no attribute 'strftime'; 282)
[2025-11-03T08:50:24.700+0000] {local_task_job_runner.py:243} INFO - Task exited with return code 1
[2025-11-03T08:50:24.721+0000] {taskinstance.py:3503} INFO - 0 downstream tasks scheduled from follow-on schedule check
[2025-11-03T08:50:24.724+0000] {local_task_job_runner.py:222} INFO - ::endgroup::
[2025-11-03T09:33:09.707+0000] {local_task_job_runner.py:120} INFO - ::group::Pre task execution logs
[2025-11-03T09:33:09.727+0000] {taskinstance.py:2076} INFO - Dependencies all met for dep_context=non-requeueable deps ti=<TaskInstance: transactions_pipeline.upload_raw_to_s3 scheduled__2025-11-01T23:00:00+00:00 [queued]>
[2025-11-03T09:33:09.736+0000] {taskinstance.py:2076} INFO - Dependencies all met for dep_context=requeueable deps ti=<TaskInstance: transactions_pipeline.upload_raw_to_s3 scheduled__2025-11-01T23:00:00+00:00 [queued]>
[2025-11-03T09:33:09.737+0000] {taskinstance.py:2306} INFO - Starting attempt 1 of 2
[2025-11-03T09:33:09.752+0000] {taskinstance.py:2330} INFO - Executing <Task(PythonOperator): upload_raw_to_s3> on 2025-11-01 23:00:00+00:00
[2025-11-03T09:33:09.761+0000] {standard_task_runner.py:90} INFO - Running: ['***', 'tasks', 'run', 'transactions_pipeline', 'upload_raw_to_s3', 'scheduled__2025-11-01T23:00:00+00:00', '--job-id', '3', '--raw', '--subdir', 'DAGS_FOLDER/***_dag_transactions.py', '--cfg-path', '/tmp/tmp772oy95i']
[2025-11-03T09:33:09.765+0000] {logging_mixin.py:188} WARNING - /home/***/.local/lib/python3.12/site-packages/***/task/task_runner/standard_task_runner.py:62 DeprecationWarning: This process (pid=200) is multi-threaded, use of fork() may lead to deadlocks in the child.
[2025-11-03T09:33:09.765+0000] {standard_task_runner.py:91} INFO - Job 3: Subtask upload_raw_to_s3
[2025-11-03T09:33:09.766+0000] {standard_task_runner.py:64} INFO - Started process 201 to run task
[2025-11-03T09:33:09.824+0000] {task_command.py:426} INFO - Running <TaskInstance: transactions_pipeline.upload_raw_to_s3 scheduled__2025-11-01T23:00:00+00:00 [running]> on host 46ce264aba60
[2025-11-03T09:33:09.923+0000] {taskinstance.py:2648} INFO - Exporting env vars: AIRFLOW_CTX_DAG_OWNER='hapssatou' AIRFLOW_CTX_DAG_ID='transactions_pipeline' AIRFLOW_CTX_TASK_ID='upload_raw_to_s3' AIRFLOW_CTX_EXECUTION_DATE='2025-11-01T23:00:00+00:00' AIRFLOW_CTX_TRY_NUMBER='1' AIRFLOW_CTX_DAG_RUN_ID='scheduled__2025-11-01T23:00:00+00:00'
[2025-11-03T09:33:09.925+0000] {taskinstance.py:430} INFO - ::endgroup::
[2025-11-03T09:33:09.967+0000] {base_aws.py:587} WARNING - Unable to find AWS Connection ID 'aws_default', switching to empty.
[2025-11-03T09:33:09.968+0000] {base_aws.py:164} INFO - No connection ID provided. Fallback on boto3 credential strategy (region_name=None). See: https://boto3.amazonaws.com/v1/documentation/api/latest/guide/configuration.html
[2025-11-03T09:33:10.377+0000] {taskinstance.py:441} INFO - ::group::Post task execution logs
[2025-11-03T09:33:10.377+0000] {taskinstance.py:2905} ERROR - Task failed with exception
Traceback (most recent call last):
  File "/home/airflow/.local/lib/python3.12/site-packages/airflow/models/taskinstance.py", line 465, in _execute_task
    result = _execute_callable(context=context, **execute_callable_kwargs)
             ^^^^^^^^^^^^^^^^^^^^^^^^^^^^^^^^^^^^^^^^^^^^^^^^^^^^^^^^^^^^^
  File "/home/airflow/.local/lib/python3.12/site-packages/airflow/models/taskinstance.py", line 432, in _execute_callable
    return execute_callable(context=context, **execute_callable_kwargs)
           ^^^^^^^^^^^^^^^^^^^^^^^^^^^^^^^^^^^^^^^^^^^^^^^^^^^^^^^^^^^^
  File "/home/airflow/.local/lib/python3.12/site-packages/airflow/models/baseoperator.py", line 401, in wrapper
    return func(self, *args, **kwargs)
           ^^^^^^^^^^^^^^^^^^^^^^^^^^^
  File "/home/airflow/.local/lib/python3.12/site-packages/airflow/operators/python.py", line 235, in execute
    return_value = self.execute_callable()
                   ^^^^^^^^^^^^^^^^^^^^^^^
  File "/home/airflow/.local/lib/python3.12/site-packages/airflow/operators/python.py", line 252, in execute_callable
    return self.python_callable(*self.op_args, **self.op_kwargs)
           ^^^^^^^^^^^^^^^^^^^^^^^^^^^^^^^^^^^^^^^^^^^^^^^^^^^^^
  File "/opt/airflow/dags/airflow_dag_transactions.py", line 21, in upload_raw_to_s3
    s3.load_file(filename=RAW_LOCAL, key=key, bucket_name=BUCKET, replace=True)
  File "/home/airflow/.local/lib/python3.12/site-packages/airflow/providers/amazon/aws/hooks/s3.py", line 135, in wrapper
    return func(*bound_args.args, **bound_args.kwargs)
           ^^^^^^^^^^^^^^^^^^^^^^^^^^^^^^^^^^^^^^^^^^^
  File "/home/airflow/.local/lib/python3.12/site-packages/airflow/providers/amazon/aws/hooks/s3.py", line 89, in wrapper
    return func(*bound_args.args, **bound_args.kwargs)
           ^^^^^^^^^^^^^^^^^^^^^^^^^^^^^^^^^^^^^^^^^^^
  File "/home/airflow/.local/lib/python3.12/site-packages/airflow/providers/amazon/aws/hooks/s3.py", line 1098, in load_file
    client.upload_file(filename, bucket_name, key, ExtraArgs=extra_args, Config=self.transfer_config)
  File "/home/airflow/.local/lib/python3.12/site-packages/boto3/s3/inject.py", line 145, in upload_file
    return transfer.upload_file(
           ^^^^^^^^^^^^^^^^^^^^^
  File "/home/airflow/.local/lib/python3.12/site-packages/boto3/s3/transfer.py", line 372, in upload_file
    future.result()
  File "/home/airflow/.local/lib/python3.12/site-packages/s3transfer/futures.py", line 103, in result
    return self._coordinator.result()
           ^^^^^^^^^^^^^^^^^^^^^^^^^^
  File "/home/airflow/.local/lib/python3.12/site-packages/s3transfer/futures.py", line 266, in result
    raise self._exception
  File "/home/airflow/.local/lib/python3.12/site-packages/s3transfer/tasks.py", line 269, in _main
    self._submit(transfer_future=transfer_future, **kwargs)
  File "/home/airflow/.local/lib/python3.12/site-packages/s3transfer/upload.py", line 591, in _submit
    upload_input_manager.provide_transfer_size(transfer_future)
  File "/home/airflow/.local/lib/python3.12/site-packages/s3transfer/upload.py", line 244, in provide_transfer_size
    self._osutil.get_file_size(transfer_future.meta.call_args.fileobj)
  File "/home/airflow/.local/lib/python3.12/site-packages/s3transfer/utils.py", line 256, in get_file_size
    return os.path.getsize(filename)
           ^^^^^^^^^^^^^^^^^^^^^^^^^
  File "<frozen genericpath>", line 62, in getsize
FileNotFoundError: [Errno 2] No such file or directory: '/opt/airflow/dags/data/transactions_raw_20251028.csv'
[2025-11-03T09:33:10.391+0000] {taskinstance.py:1206} INFO - Marking task as UP_FOR_RETRY. dag_id=transactions_pipeline, task_id=upload_raw_to_s3, run_id=scheduled__2025-11-01T23:00:00+00:00, execution_date=20251101T230000, start_date=20251103T093309, end_date=20251103T093310
[2025-11-03T09:33:10.404+0000] {standard_task_runner.py:110} ERROR - Failed to execute job 3 for task upload_raw_to_s3 ([Errno 2] No such file or directory: '/opt/airflow/dags/data/transactions_raw_20251028.csv'; 201)
[2025-11-03T09:33:10.421+0000] {local_task_job_runner.py:243} INFO - Task exited with return code 1
[2025-11-03T09:33:10.444+0000] {taskinstance.py:3503} INFO - 0 downstream tasks scheduled from follow-on schedule check
[2025-11-03T09:33:10.447+0000] {local_task_job_runner.py:222} INFO - ::endgroup::
