[2025-11-03T09:16:54.667+0000] {local_task_job_runner.py:120} INFO - ::group::Pre task execution logs
[2025-11-03T09:16:54.686+0000] {taskinstance.py:2076} INFO - Dependencies all met for dep_context=non-requeueable deps ti=<TaskInstance: transactions_pipeline.upload_raw_to_s3 manual__2025-11-03T09:16:53.784153+00:00 [queued]>
[2025-11-03T09:16:54.696+0000] {taskinstance.py:2076} INFO - Dependencies all met for dep_context=requeueable deps ti=<TaskInstance: transactions_pipeline.upload_raw_to_s3 manual__2025-11-03T09:16:53.784153+00:00 [queued]>
[2025-11-03T09:16:54.698+0000] {taskinstance.py:2306} INFO - Starting attempt 1 of 2
[2025-11-03T09:16:54.714+0000] {taskinstance.py:2330} INFO - Executing <Task(PythonOperator): upload_raw_to_s3> on 2025-11-03 09:16:53.784153+00:00
[2025-11-03T09:16:54.723+0000] {standard_task_runner.py:90} INFO - Running: ['***', 'tasks', 'run', 'transactions_pipeline', 'upload_raw_to_s3', 'manual__2025-11-03T09:16:53.784153+00:00', '--job-id', '15', '--raw', '--subdir', 'DAGS_FOLDER/***_dag_transactions.py', '--cfg-path', '/tmp/tmpcyaz1hce']
[2025-11-03T09:16:54.726+0000] {standard_task_runner.py:91} INFO - Job 15: Subtask upload_raw_to_s3
[2025-11-03T09:16:54.727+0000] {logging_mixin.py:188} WARNING - /home/***/.local/lib/python3.12/site-packages/***/task/task_runner/standard_task_runner.py:62 DeprecationWarning: This process (pid=203) is multi-threaded, use of fork() may lead to deadlocks in the child.
[2025-11-03T09:16:54.728+0000] {standard_task_runner.py:64} INFO - Started process 204 to run task
[2025-11-03T09:16:54.780+0000] {task_command.py:426} INFO - Running <TaskInstance: transactions_pipeline.upload_raw_to_s3 manual__2025-11-03T09:16:53.784153+00:00 [running]> on host eb253588dee4
[2025-11-03T09:16:54.882+0000] {taskinstance.py:2648} INFO - Exporting env vars: AIRFLOW_CTX_DAG_OWNER='hapssatou' AIRFLOW_CTX_DAG_ID='transactions_pipeline' AIRFLOW_CTX_TASK_ID='upload_raw_to_s3' AIRFLOW_CTX_EXECUTION_DATE='2025-11-03T09:16:53.784153+00:00' AIRFLOW_CTX_TRY_NUMBER='1' AIRFLOW_CTX_DAG_RUN_ID='manual__2025-11-03T09:16:53.784153+00:00'
[2025-11-03T09:16:54.884+0000] {taskinstance.py:430} INFO - ::endgroup::
[2025-11-03T09:16:54.906+0000] {base.py:84} INFO - Using connection ID 'aws_default' for task execution.
[2025-11-03T09:16:54.907+0000] {connection_wrapper.py:384} INFO - AWS Connection (conn_id='aws_default', conn_type='aws') credentials retrieved from login and password.
[2025-11-03T09:16:55.492+0000] {taskinstance.py:441} INFO - ::group::Post task execution logs
[2025-11-03T09:16:55.493+0000] {taskinstance.py:2905} ERROR - Task failed with exception
Traceback (most recent call last):
  File "/home/airflow/.local/lib/python3.12/site-packages/boto3/s3/transfer.py", line 372, in upload_file
    future.result()
  File "/home/airflow/.local/lib/python3.12/site-packages/s3transfer/futures.py", line 103, in result
    return self._coordinator.result()
           ^^^^^^^^^^^^^^^^^^^^^^^^^^
  File "/home/airflow/.local/lib/python3.12/site-packages/s3transfer/futures.py", line 266, in result
    raise self._exception
  File "/home/airflow/.local/lib/python3.12/site-packages/s3transfer/tasks.py", line 139, in __call__
    return self._execute_main(kwargs)
           ^^^^^^^^^^^^^^^^^^^^^^^^^^
  File "/home/airflow/.local/lib/python3.12/site-packages/s3transfer/tasks.py", line 162, in _execute_main
    return_value = self._main(**kwargs)
                   ^^^^^^^^^^^^^^^^^^^^
  File "/home/airflow/.local/lib/python3.12/site-packages/s3transfer/upload.py", line 764, in _main
    client.put_object(Bucket=bucket, Key=key, Body=body, **extra_args)
  File "/home/airflow/.local/lib/python3.12/site-packages/botocore/client.py", line 565, in _api_call
    return self._make_api_call(operation_name, kwargs)
           ^^^^^^^^^^^^^^^^^^^^^^^^^^^^^^^^^^^^^^^^^^^
  File "/home/airflow/.local/lib/python3.12/site-packages/botocore/client.py", line 1021, in _make_api_call
    raise error_class(parsed_response, operation_name)
botocore.errorfactory.NoSuchBucket: An error occurred (NoSuchBucket) when calling the PutObject operation: The specified bucket does not exist

During handling of the above exception, another exception occurred:

Traceback (most recent call last):
  File "/home/airflow/.local/lib/python3.12/site-packages/airflow/models/taskinstance.py", line 465, in _execute_task
    result = _execute_callable(context=context, **execute_callable_kwargs)
             ^^^^^^^^^^^^^^^^^^^^^^^^^^^^^^^^^^^^^^^^^^^^^^^^^^^^^^^^^^^^^
  File "/home/airflow/.local/lib/python3.12/site-packages/airflow/models/taskinstance.py", line 432, in _execute_callable
    return execute_callable(context=context, **execute_callable_kwargs)
           ^^^^^^^^^^^^^^^^^^^^^^^^^^^^^^^^^^^^^^^^^^^^^^^^^^^^^^^^^^^^
  File "/home/airflow/.local/lib/python3.12/site-packages/airflow/models/baseoperator.py", line 401, in wrapper
    return func(self, *args, **kwargs)
           ^^^^^^^^^^^^^^^^^^^^^^^^^^^
  File "/home/airflow/.local/lib/python3.12/site-packages/airflow/operators/python.py", line 235, in execute
    return_value = self.execute_callable()
                   ^^^^^^^^^^^^^^^^^^^^^^^
  File "/home/airflow/.local/lib/python3.12/site-packages/airflow/operators/python.py", line 252, in execute_callable
    return self.python_callable(*self.op_args, **self.op_kwargs)
           ^^^^^^^^^^^^^^^^^^^^^^^^^^^^^^^^^^^^^^^^^^^^^^^^^^^^^
  File "/opt/airflow/dags/airflow_dag_transactions.py", line 17, in upload_raw_to_s3
    s3.load_file(filename=RAW_LOCAL, key=key, bucket_name=BUCKET, replace=True)
  File "/home/airflow/.local/lib/python3.12/site-packages/airflow/providers/amazon/aws/hooks/s3.py", line 135, in wrapper
    return func(*bound_args.args, **bound_args.kwargs)
           ^^^^^^^^^^^^^^^^^^^^^^^^^^^^^^^^^^^^^^^^^^^
  File "/home/airflow/.local/lib/python3.12/site-packages/airflow/providers/amazon/aws/hooks/s3.py", line 89, in wrapper
    return func(*bound_args.args, **bound_args.kwargs)
           ^^^^^^^^^^^^^^^^^^^^^^^^^^^^^^^^^^^^^^^^^^^
  File "/home/airflow/.local/lib/python3.12/site-packages/airflow/providers/amazon/aws/hooks/s3.py", line 1098, in load_file
    client.upload_file(filename, bucket_name, key, ExtraArgs=extra_args, Config=self.transfer_config)
  File "/home/airflow/.local/lib/python3.12/site-packages/boto3/s3/inject.py", line 145, in upload_file
    return transfer.upload_file(
           ^^^^^^^^^^^^^^^^^^^^^
  File "/home/airflow/.local/lib/python3.12/site-packages/boto3/s3/transfer.py", line 378, in upload_file
    raise S3UploadFailedError(
boto3.exceptions.S3UploadFailedError: Failed to upload /opt/***/data/transactions_raw_20251028.csv to hapssatou-datalake/transactions/raw/2025/11/03/transactions_20251103.csv: An error occurred (NoSuchBucket) when calling the PutObject operation: The specified bucket does not exist
[2025-11-03T09:16:55.507+0000] {taskinstance.py:1206} INFO - Marking task as UP_FOR_RETRY. dag_id=transactions_pipeline, task_id=upload_raw_to_s3, run_id=manual__2025-11-03T09:16:53.784153+00:00, execution_date=20251103T091653, start_date=20251103T091654, end_date=20251103T091655
[2025-11-03T09:16:55.522+0000] {standard_task_runner.py:110} ERROR - Failed to execute job 15 for task upload_raw_to_s3 (Failed to upload /opt/***/data/transactions_raw_20251028.csv to hapssatou-datalake/transactions/raw/2025/11/03/transactions_20251103.csv: An error occurred (NoSuchBucket) when calling the PutObject operation: The specified bucket does not exist; 204)
[2025-11-03T09:16:55.544+0000] {local_task_job_runner.py:243} INFO - Task exited with return code 1
[2025-11-03T09:16:55.569+0000] {taskinstance.py:3503} INFO - 0 downstream tasks scheduled from follow-on schedule check
[2025-11-03T09:16:55.572+0000] {local_task_job_runner.py:222} INFO - ::endgroup::
